2024-03-21T19:10:13.263-03:00  INFO 13144 --- [restartedMain] c.swproject.tradein.TradeInApplication   : Starting TradeInApplication using Java 17.0.1 with PID 13144 (C:\Users\alber\OneDrive\Documentos\ProjetosResidencia\trilhaModuloBasico\ResidenciaJava\java-avancado\aula-7\trade-in\target\classes started by alber in C:\Users\alber\OneDrive\Documentos\ProjetosResidencia\trilhaModuloBasico\ResidenciaJava\java-avancado\aula-7\trade-in)
2024-03-21T19:10:13.263-03:00  INFO 13144 --- [restartedMain] c.swproject.tradein.TradeInApplication   : The following 1 profile is active: "test"
2024-03-21T19:10:17.324-03:00 DEBUG 13144 --- [restartedMain] s.w.s.m.m.a.RequestMappingHandlerMapping : 15 mappings in 'requestMappingHandlerMapping'
2024-03-21T19:10:17.462-03:00 DEBUG 13144 --- [restartedMain] o.s.w.s.handler.SimpleUrlHandlerMapping  : Patterns [/webjars/**, /**, /swagger-ui*/*swagger-initializer.js, /swagger-ui*/**] in 'resourceHandlerMapping'
2024-03-21T19:10:17.500-03:00 DEBUG 13144 --- [restartedMain] s.w.s.m.m.a.RequestMappingHandlerAdapter : ControllerAdvice beans: 0 @ModelAttribute, 0 @InitBinder, 1 RequestBodyAdvice, 1 ResponseBodyAdvice
2024-03-21T19:10:17.533-03:00 DEBUG 13144 --- [restartedMain] .m.m.a.ExceptionHandlerExceptionResolver : ControllerAdvice beans: 2 @ExceptionHandler, 1 ResponseBodyAdvice
2024-03-21T19:10:17.770-03:00  INFO 13144 --- [restartedMain] c.swproject.tradein.TradeInApplication   : Started TradeInApplication in 4.965 seconds (process running for 5.41)
2024-03-21T19:10:18.022-03:00  INFO 13144 --- [restartedMain] c.swproject.tradein.TradeInApplication   : Aplicacao iniciada com sucesso!...
2024-03-21T19:10:53.029-03:00  INFO 13904 --- [restartedMain] c.swproject.tradein.TradeInApplication   : Starting TradeInApplication using Java 17.0.1 with PID 13904 (C:\Users\alber\OneDrive\Documentos\ProjetosResidencia\trilhaModuloBasico\ResidenciaJava\java-avancado\aula-7\trade-in\target\classes started by alber in C:\Users\alber\OneDrive\Documentos\ProjetosResidencia\trilhaModuloBasico\ResidenciaJava\java-avancado\aula-7\trade-in)
2024-03-21T19:10:53.045-03:00  INFO 13904 --- [restartedMain] c.swproject.tradein.TradeInApplication   : The following 1 profile is active: "test"
2024-03-21T19:10:58.002-03:00 DEBUG 13904 --- [restartedMain] s.w.s.m.m.a.RequestMappingHandlerMapping : 15 mappings in 'requestMappingHandlerMapping'
2024-03-21T19:10:58.221-03:00 DEBUG 13904 --- [restartedMain] o.s.w.s.handler.SimpleUrlHandlerMapping  : Patterns [/webjars/**, /**, /swagger-ui*/*swagger-initializer.js, /swagger-ui*/**] in 'resourceHandlerMapping'
2024-03-21T19:10:58.306-03:00 DEBUG 13904 --- [restartedMain] s.w.s.m.m.a.RequestMappingHandlerAdapter : ControllerAdvice beans: 0 @ModelAttribute, 0 @InitBinder, 1 RequestBodyAdvice, 1 ResponseBodyAdvice
2024-03-21T19:10:58.418-03:00 DEBUG 13904 --- [restartedMain] .m.m.a.ExceptionHandlerExceptionResolver : ControllerAdvice beans: 2 @ExceptionHandler, 1 ResponseBodyAdvice
2024-03-21T19:10:58.698-03:00  WARN 13904 --- [restartedMain] o.s.b.d.a.OptionalLiveReloadServer       : Unable to start LiveReload server
2024-03-21T19:10:58.755-03:00  WARN 13904 --- [restartedMain] ConfigServletWebServerApplicationContext : Exception encountered during context initialization - cancelling refresh attempt: org.springframework.context.ApplicationContextException: Failed to start bean 'webServerStartStop'
2024-03-21T19:10:58.773-03:00  WARN 13904 --- [restartedMain] o.s.b.f.support.DisposableBeanAdapter    : Invocation of destroy method failed on bean with name 'inMemoryDatabaseShutdownExecutor': org.h2.jdbc.JdbcSQLNonTransientConnectionException: Database is already closed (to disable automatic closing at VM shutdown, add ";DB_CLOSE_ON_EXIT=FALSE" to the db URL) [90121-224]
2024-03-21T19:10:58.836-03:00 ERROR 13904 --- [restartedMain] o.s.b.d.LoggingFailureAnalysisReporter   : 

***************************
APPLICATION FAILED TO START
***************************

Description:

Web server failed to start. Port 8080 was already in use.

Action:

Identify and stop the process that's listening on port 8080 or configure this application to listen on another port.

2024-03-21T19:11:22.695-03:00  WARN 13144 --- [SpringApplicationShutdownHook] o.s.b.f.support.DisposableBeanAdapter    : Invocation of destroy method failed on bean with name 'inMemoryDatabaseShutdownExecutor': org.h2.jdbc.JdbcSQLNonTransientConnectionException: Database is already closed (to disable automatic closing at VM shutdown, add ";DB_CLOSE_ON_EXIT=FALSE" to the db URL) [90121-224]
2024-03-21T19:11:48.428-03:00  INFO 5572 --- [restartedMain] c.swproject.tradein.TradeInApplication   : Starting TradeInApplication using Java 17.0.1 with PID 5572 (C:\Users\alber\OneDrive\Documentos\ProjetosResidencia\trilhaModuloBasico\ResidenciaJava\java-avancado\aula-7\trade-in\target\classes started by alber in C:\Users\alber\OneDrive\Documentos\ProjetosResidencia\trilhaModuloBasico\ResidenciaJava\java-avancado\aula-7\trade-in)
2024-03-21T19:11:48.431-03:00  INFO 5572 --- [restartedMain] c.swproject.tradein.TradeInApplication   : The following 1 profile is active: "test"
2024-03-21T19:11:52.099-03:00 DEBUG 5572 --- [restartedMain] s.w.s.m.m.a.RequestMappingHandlerMapping : 15 mappings in 'requestMappingHandlerMapping'
2024-03-21T19:11:52.182-03:00 DEBUG 5572 --- [restartedMain] o.s.w.s.handler.SimpleUrlHandlerMapping  : Patterns [/webjars/**, /**, /swagger-ui*/*swagger-initializer.js, /swagger-ui*/**] in 'resourceHandlerMapping'
2024-03-21T19:11:52.232-03:00 DEBUG 5572 --- [restartedMain] s.w.s.m.m.a.RequestMappingHandlerAdapter : ControllerAdvice beans: 0 @ModelAttribute, 0 @InitBinder, 1 RequestBodyAdvice, 1 ResponseBodyAdvice
2024-03-21T19:11:52.256-03:00 DEBUG 5572 --- [restartedMain] .m.m.a.ExceptionHandlerExceptionResolver : ControllerAdvice beans: 2 @ExceptionHandler, 1 ResponseBodyAdvice
2024-03-21T19:11:52.465-03:00  INFO 5572 --- [restartedMain] c.swproject.tradein.TradeInApplication   : Started TradeInApplication in 4.45 seconds (process running for 4.941)
2024-03-21T19:11:52.753-03:00  INFO 5572 --- [restartedMain] c.swproject.tradein.TradeInApplication   : Aplicacao iniciada com sucesso!...
2024-03-21T19:12:13.247-03:00  WARN 5572 --- [SpringApplicationShutdownHook] o.s.b.f.support.DisposableBeanAdapter    : Invocation of destroy method failed on bean with name 'inMemoryDatabaseShutdownExecutor': org.h2.jdbc.JdbcSQLNonTransientConnectionException: Database is already closed (to disable automatic closing at VM shutdown, add ";DB_CLOSE_ON_EXIT=FALSE" to the db URL) [90121-224]
