2024-03-21T15:21:25.522-03:00  INFO 5496 --- [restartedMain] c.swproject.tradein.TradeInApplication   : Starting TradeInApplication using Java 17.0.1 with PID 5496 (C:\Users\78969972587\Documents\ResidenciaJava\java-avancado\aula-7\trade-in\target\classes started by 78969972587 in C:\Users\78969972587\Documents\ResidenciaJava)
2024-03-21T15:21:25.524-03:00  INFO 5496 --- [restartedMain] c.swproject.tradein.TradeInApplication   : The following 1 profile is active: "test"
2024-03-21T15:21:27.488-03:00  WARN 5496 --- [restartedMain] org.hibernate.orm.deprecation            : HHH90000025: H2Dialect does not need to be specified explicitly using 'hibernate.dialect' (remove the property setting and it will be selected by default)
2024-03-21T15:21:28.671-03:00 DEBUG 5496 --- [restartedMain] s.w.s.m.m.a.RequestMappingHandlerMapping : 15 mappings in 'requestMappingHandlerMapping'
2024-03-21T15:21:28.737-03:00 DEBUG 5496 --- [restartedMain] o.s.w.s.handler.SimpleUrlHandlerMapping  : Patterns [/webjars/**, /**, /swagger-ui*/*swagger-initializer.js, /swagger-ui*/**] in 'resourceHandlerMapping'
2024-03-21T15:21:28.768-03:00 DEBUG 5496 --- [restartedMain] s.w.s.m.m.a.RequestMappingHandlerAdapter : ControllerAdvice beans: 0 @ModelAttribute, 0 @InitBinder, 1 RequestBodyAdvice, 1 ResponseBodyAdvice
2024-03-21T15:21:28.796-03:00 DEBUG 5496 --- [restartedMain] .m.m.a.ExceptionHandlerExceptionResolver : ControllerAdvice beans: 2 @ExceptionHandler, 1 ResponseBodyAdvice
2024-03-21T15:21:28.948-03:00  INFO 5496 --- [restartedMain] c.swproject.tradein.TradeInApplication   : Started TradeInApplication in 3.729 seconds (process running for 4.043)
2024-03-21T15:21:29.130-03:00  INFO 5496 --- [restartedMain] c.swproject.tradein.TradeInApplication   : Aplicacao iniciada com sucesso!...
2024-03-21T15:23:24.404-03:00  INFO 5496 --- [http-nio-8080-exec-3] o.s.web.servlet.DispatcherServlet        : Initializing Servlet 'dispatcherServlet'
2024-03-21T15:23:24.404-03:00 DEBUG 5496 --- [http-nio-8080-exec-3] o.s.web.servlet.DispatcherServlet        : Detected StandardServletMultipartResolver
2024-03-21T15:23:24.405-03:00 DEBUG 5496 --- [http-nio-8080-exec-3] o.s.web.servlet.DispatcherServlet        : Detected FixedLocaleResolver
2024-03-21T15:23:24.405-03:00 DEBUG 5496 --- [http-nio-8080-exec-3] o.s.web.servlet.DispatcherServlet        : Detected FixedThemeResolver
2024-03-21T15:23:24.407-03:00 DEBUG 5496 --- [http-nio-8080-exec-3] o.s.web.servlet.DispatcherServlet        : Detected org.springframework.web.servlet.view.DefaultRequestToViewNameTranslator@122402da
2024-03-21T15:23:24.408-03:00 DEBUG 5496 --- [http-nio-8080-exec-3] o.s.web.servlet.DispatcherServlet        : Detected org.springframework.web.servlet.support.SessionFlashMapManager@386a2ce0
2024-03-21T15:23:24.409-03:00 DEBUG 5496 --- [http-nio-8080-exec-3] o.s.web.servlet.DispatcherServlet        : enableLoggingRequestDetails='false': request parameters and headers will be masked to prevent unsafe logging of potentially sensitive data
2024-03-21T15:23:24.410-03:00  INFO 5496 --- [http-nio-8080-exec-3] o.s.web.servlet.DispatcherServlet        : Completed initialization in 5 ms
2024-03-21T15:23:24.413-03:00 DEBUG 5496 --- [http-nio-8080-exec-3] o.s.web.servlet.DispatcherServlet        : GET "/docs-vendas.html", parameters={}
2024-03-21T15:23:24.422-03:00 DEBUG 5496 --- [http-nio-8080-exec-3] s.w.s.m.m.a.RequestMappingHandlerMapping : Mapped to org.springdoc.webmvc.ui.SwaggerWelcomeWebMvc#redirectToUi(HttpServletRequest)
2024-03-21T15:23:24.448-03:00 DEBUG 5496 --- [http-nio-8080-exec-3] o.s.w.s.m.m.a.HttpEntityMethodProcessor  : Using 'application/json;q=0.8', given [text/html, application/xhtml+xml, image/avif, image/webp, image/apng, application/xml;q=0.9, */*;q=0.8, application/signed-exchange;v=b3;q=0.7] and supported [application/json, application/*+json]
2024-03-21T15:23:24.448-03:00 DEBUG 5496 --- [http-nio-8080-exec-3] o.s.w.s.m.m.a.HttpEntityMethodProcessor  : Nothing to write: null body
2024-03-21T15:23:24.448-03:00 DEBUG 5496 --- [http-nio-8080-exec-3] o.s.web.servlet.DispatcherServlet        : Completed 302 FOUND
2024-03-21T15:23:24.470-03:00 DEBUG 5496 --- [http-nio-8080-exec-5] o.s.web.servlet.DispatcherServlet        : GET "/swagger-ui/swagger-initializer.js", parameters={}
2024-03-21T15:23:24.474-03:00 DEBUG 5496 --- [http-nio-8080-exec-5] o.s.w.s.handler.SimpleUrlHandlerMapping  : Mapped to ResourceHttpRequestHandler [classpath [META-INF/resources/webjars/]]
2024-03-21T15:23:24.491-03:00 DEBUG 5496 --- [http-nio-8080-exec-5] o.s.web.servlet.DispatcherServlet        : Completed 200 OK
2024-03-21T15:23:24.624-03:00 DEBUG 5496 --- [http-nio-8080-exec-4] o.s.web.servlet.DispatcherServlet        : GET "/docs-vendas/swagger-config", parameters={}
2024-03-21T15:23:24.624-03:00 DEBUG 5496 --- [http-nio-8080-exec-4] s.w.s.m.m.a.RequestMappingHandlerMapping : Mapped to org.springdoc.webmvc.ui.SwaggerConfigResource#openapiJson(HttpServletRequest)
2024-03-21T15:23:24.626-03:00 DEBUG 5496 --- [http-nio-8080-exec-4] m.m.a.RequestResponseBodyMethodProcessor : Using 'application/json', given [*/*] and supported [application/json]
2024-03-21T15:23:24.628-03:00 DEBUG 5496 --- [http-nio-8080-exec-4] m.m.a.RequestResponseBodyMethodProcessor : Writing [{configUrl=/docs-vendas/swagger-config, oauth2RedirectUrl=http://localhost:8080/swagger-ui/oauth2-re (truncated)...]
2024-03-21T15:23:24.631-03:00 DEBUG 5496 --- [http-nio-8080-exec-4] o.s.web.servlet.DispatcherServlet        : Completed 200 OK
2024-03-21T15:23:24.650-03:00 DEBUG 5496 --- [http-nio-8080-exec-8] o.s.web.servlet.DispatcherServlet        : GET "/docs-vendas", parameters={}
2024-03-21T15:23:24.651-03:00 DEBUG 5496 --- [http-nio-8080-exec-8] s.w.s.m.m.a.RequestMappingHandlerMapping : Mapped to org.springdoc.webmvc.api.OpenApiWebMvcResource#openapiJson(HttpServletRequest, String, Locale)
2024-03-21T15:23:25.032-03:00 DEBUG 5496 --- [http-nio-8080-exec-8] m.m.a.RequestResponseBodyMethodProcessor : Using 'application/json', given [application/json, */*] and supported [application/json]
2024-03-21T15:23:25.047-03:00 DEBUG 5496 --- [http-nio-8080-exec-8] m.m.a.RequestResponseBodyMethodProcessor : Writing [{123, 34, 111, 112, 101, 110, 97, 112, 105, 34, 58, 34, 51, 46, 48, 46, 49, 34, 44, 34, 105, 110, 10 (truncated)...]
2024-03-21T15:23:25.047-03:00 DEBUG 5496 --- [http-nio-8080-exec-8] o.s.web.servlet.DispatcherServlet        : Completed 200 OK
