2024-03-21T17:16:46.910-03:00  INFO 9220 --- [restartedMain] c.s.supersale.SuperSaleApplication       : Starting SuperSaleApplication using Java 17.0.1 with PID 9220 (C:\Users\78969972587\Documents\ResidenciaJava\java-avancado\aula-5\super-sale\target\classes started by 78969972587 in C:\Users\78969972587\Documents\ResidenciaJava\java-avancado\aula-5\super-sale)
2024-03-21T17:16:46.911-03:00  INFO 9220 --- [restartedMain] c.s.supersale.SuperSaleApplication       : The following 1 profile is active: "test"
2024-03-21T17:16:48.783-03:00  WARN 9220 --- [restartedMain] org.hibernate.orm.deprecation            : HHH90000025: H2Dialect does not need to be specified explicitly using 'hibernate.dialect' (remove the property setting and it will be selected by default)
2024-03-21T17:16:49.975-03:00 DEBUG 9220 --- [restartedMain] s.w.s.m.m.a.RequestMappingHandlerMapping : 15 mappings in 'requestMappingHandlerMapping'
2024-03-21T17:16:50.045-03:00 DEBUG 9220 --- [restartedMain] o.s.w.s.handler.SimpleUrlHandlerMapping  : Patterns [/webjars/**, /**, /swagger-ui*/*swagger-initializer.js, /swagger-ui*/**] in 'resourceHandlerMapping'
2024-03-21T17:16:50.078-03:00 DEBUG 9220 --- [restartedMain] s.w.s.m.m.a.RequestMappingHandlerAdapter : ControllerAdvice beans: 0 @ModelAttribute, 0 @InitBinder, 1 RequestBodyAdvice, 1 ResponseBodyAdvice
2024-03-21T17:16:50.101-03:00 DEBUG 9220 --- [restartedMain] .m.m.a.ExceptionHandlerExceptionResolver : ControllerAdvice beans: 2 @ExceptionHandler, 1 ResponseBodyAdvice
2024-03-21T17:16:50.274-03:00  INFO 9220 --- [restartedMain] c.s.supersale.SuperSaleApplication       : Started SuperSaleApplication in 3.632 seconds (process running for 4.081)
2024-03-21T17:17:58.766-03:00  WARN 9220 --- [Thread-5] o.s.b.f.support.DisposableBeanAdapter    : Invocation of destroy method failed on bean with name 'inMemoryDatabaseShutdownExecutor': org.h2.jdbc.JdbcSQLNonTransientConnectionException: Database is already closed (to disable automatic closing at VM shutdown, add ";DB_CLOSE_ON_EXIT=FALSE" to the db URL) [90121-224]
2024-03-21T17:18:45.368-03:00  INFO 9220 --- [restartedMain] c.s.supersale.SuperSaleApplication       : Starting SuperSaleApplication using Java 17.0.1 with PID 9220 (C:\Users\78969972587\Documents\ResidenciaJava\java-avancado\aula-5\super-sale\target\classes started by 78969972587 in C:\Users\78969972587\Documents\ResidenciaJava\java-avancado\aula-5\super-sale)
2024-03-21T17:18:45.369-03:00  INFO 9220 --- [restartedMain] c.s.supersale.SuperSaleApplication       : The following 1 profile is active: "test"
2024-03-21T17:18:45.648-03:00  WARN 9220 --- [restartedMain] org.hibernate.orm.deprecation            : HHH90000025: H2Dialect does not need to be specified explicitly using 'hibernate.dialect' (remove the property setting and it will be selected by default)
2024-03-21T17:18:45.838-03:00 DEBUG 9220 --- [restartedMain] s.w.s.m.m.a.RequestMappingHandlerMapping : 15 mappings in 'requestMappingHandlerMapping'
2024-03-21T17:18:45.859-03:00 DEBUG 9220 --- [restartedMain] o.s.w.s.handler.SimpleUrlHandlerMapping  : Patterns [/webjars/**, /**, /swagger-ui*/*swagger-initializer.js, /swagger-ui*/**] in 'resourceHandlerMapping'
2024-03-21T17:18:45.865-03:00 DEBUG 9220 --- [restartedMain] s.w.s.m.m.a.RequestMappingHandlerAdapter : ControllerAdvice beans: 0 @ModelAttribute, 0 @InitBinder, 1 RequestBodyAdvice, 1 ResponseBodyAdvice
2024-03-21T17:18:45.869-03:00 DEBUG 9220 --- [restartedMain] .m.m.a.ExceptionHandlerExceptionResolver : ControllerAdvice beans: 2 @ExceptionHandler, 1 ResponseBodyAdvice
2024-03-21T17:18:45.912-03:00  INFO 9220 --- [restartedMain] c.s.supersale.SuperSaleApplication       : Started SuperSaleApplication in 0.571 seconds (process running for 119.708)
2024-03-21T17:18:56.457-03:00  WARN 9220 --- [Thread-7] o.s.b.f.support.DisposableBeanAdapter    : Invocation of destroy method failed on bean with name 'inMemoryDatabaseShutdownExecutor': org.h2.jdbc.JdbcSQLNonTransientConnectionException: Database is already closed (to disable automatic closing at VM shutdown, add ";DB_CLOSE_ON_EXIT=FALSE" to the db URL) [90121-224]
2024-03-21T17:18:56.506-03:00  INFO 9220 --- [restartedMain] c.s.supersale.SuperSaleApplication       : Starting SuperSaleApplication using Java 17.0.1 with PID 9220 (C:\Users\78969972587\Documents\ResidenciaJava\java-avancado\aula-5\super-sale\target\classes started by 78969972587 in C:\Users\78969972587\Documents\ResidenciaJava\java-avancado\aula-5\super-sale)
2024-03-21T17:18:56.506-03:00  INFO 9220 --- [restartedMain] c.s.supersale.SuperSaleApplication       : The following 1 profile is active: "test"
2024-03-21T17:18:56.758-03:00  WARN 9220 --- [restartedMain] org.hibernate.orm.deprecation            : HHH90000025: H2Dialect does not need to be specified explicitly using 'hibernate.dialect' (remove the property setting and it will be selected by default)
2024-03-21T17:18:56.951-03:00 DEBUG 9220 --- [restartedMain] s.w.s.m.m.a.RequestMappingHandlerMapping : 15 mappings in 'requestMappingHandlerMapping'
2024-03-21T17:18:56.967-03:00 DEBUG 9220 --- [restartedMain] o.s.w.s.handler.SimpleUrlHandlerMapping  : Patterns [/webjars/**, /**, /swagger-ui*/*swagger-initializer.js, /swagger-ui*/**] in 'resourceHandlerMapping'
2024-03-21T17:18:56.973-03:00 DEBUG 9220 --- [restartedMain] s.w.s.m.m.a.RequestMappingHandlerAdapter : ControllerAdvice beans: 0 @ModelAttribute, 0 @InitBinder, 1 RequestBodyAdvice, 1 ResponseBodyAdvice
2024-03-21T17:18:56.976-03:00 DEBUG 9220 --- [restartedMain] .m.m.a.ExceptionHandlerExceptionResolver : ControllerAdvice beans: 2 @ExceptionHandler, 1 ResponseBodyAdvice
2024-03-21T17:18:57.011-03:00  INFO 9220 --- [restartedMain] c.s.supersale.SuperSaleApplication       : Started SuperSaleApplication in 0.523 seconds (process running for 130.808)
2024-03-21T17:18:57.013-03:00  INFO 9220 --- [restartedMain] c.s.supersale.SuperSaleApplication       : Aplicacao iniciada com sucesso!...
2024-03-21T17:19:00.488-03:00  WARN 9220 --- [Thread-20] o.s.b.f.support.DisposableBeanAdapter    : Invocation of destroy method failed on bean with name 'inMemoryDatabaseShutdownExecutor': org.h2.jdbc.JdbcSQLNonTransientConnectionException: Database is already closed (to disable automatic closing at VM shutdown, add ";DB_CLOSE_ON_EXIT=FALSE" to the db URL) [90121-224]
2024-03-21T17:19:00.538-03:00  INFO 9220 --- [restartedMain] c.s.supersale.SuperSaleApplication       : Starting SuperSaleApplication using Java 17.0.1 with PID 9220 (C:\Users\78969972587\Documents\ResidenciaJava\java-avancado\aula-5\super-sale\target\classes started by 78969972587 in C:\Users\78969972587\Documents\ResidenciaJava\java-avancado\aula-5\super-sale)
2024-03-21T17:19:00.538-03:00  INFO 9220 --- [restartedMain] c.s.supersale.SuperSaleApplication       : The following 1 profile is active: "test"
2024-03-21T17:19:00.760-03:00  WARN 9220 --- [restartedMain] org.hibernate.orm.deprecation            : HHH90000025: H2Dialect does not need to be specified explicitly using 'hibernate.dialect' (remove the property setting and it will be selected by default)
2024-03-21T17:19:05.711-03:00  INFO 11176 --- [restartedMain] c.s.supersale.SuperSaleApplication       : Starting SuperSaleApplication using Java 17.0.1 with PID 11176 (C:\Users\78969972587\Documents\ResidenciaJava\java-avancado\aula-5\super-sale\target\classes started by 78969972587 in C:\Users\78969972587\Documents\ResidenciaJava\java-avancado\aula-5\super-sale)
2024-03-21T17:19:05.714-03:00  INFO 11176 --- [restartedMain] c.s.supersale.SuperSaleApplication       : The following 1 profile is active: "test"
2024-03-21T17:19:07.590-03:00  WARN 11176 --- [restartedMain] org.hibernate.orm.deprecation            : HHH90000025: H2Dialect does not need to be specified explicitly using 'hibernate.dialect' (remove the property setting and it will be selected by default)
2024-03-21T17:19:08.716-03:00 DEBUG 11176 --- [restartedMain] s.w.s.m.m.a.RequestMappingHandlerMapping : 15 mappings in 'requestMappingHandlerMapping'
2024-03-21T17:19:08.784-03:00 DEBUG 11176 --- [restartedMain] o.s.w.s.handler.SimpleUrlHandlerMapping  : Patterns [/webjars/**, /**, /swagger-ui*/*swagger-initializer.js, /swagger-ui*/**] in 'resourceHandlerMapping'
2024-03-21T17:19:08.817-03:00 DEBUG 11176 --- [restartedMain] s.w.s.m.m.a.RequestMappingHandlerAdapter : ControllerAdvice beans: 0 @ModelAttribute, 0 @InitBinder, 1 RequestBodyAdvice, 1 ResponseBodyAdvice
2024-03-21T17:19:08.848-03:00 DEBUG 11176 --- [restartedMain] .m.m.a.ExceptionHandlerExceptionResolver : ControllerAdvice beans: 2 @ExceptionHandler, 1 ResponseBodyAdvice
2024-03-21T17:19:09.035-03:00  INFO 11176 --- [restartedMain] c.s.supersale.SuperSaleApplication       : Started SuperSaleApplication in 3.605 seconds (process running for 4.055)
2024-03-21T17:19:09.039-03:00  INFO 11176 --- [restartedMain] c.s.supersale.SuperSaleApplication       : Aplicacao iniciada com sucesso!...
